<?xml version="1.0" encoding="UTF-8"?>
<testng-results ignored="0" total="3" passed="2" failed="1" skipped="0">
  <reporter-output>
  </reporter-output>
  <suite started-at="2020-10-13T10:46:25 IST" name="Suite" finished-at="2020-10-13T10:47:29 IST" duration-ms="63402">
    <groups>
    </groups>
    <test started-at="2020-10-13T10:46:25 IST" name="TestHomePage" finished-at="2020-10-13T10:46:58 IST" duration-ms="33193">
      <class name="Academy.E2EProject.HomePage">
        <test-method is-config="true" signature="tearUP()[pri:0, instance:Academy.E2EProject.HomePage@55322aab]" started-at="2020-10-13T10:46:25 IST" name="tearUP" finished-at="2020-10-13T10:46:52 IST" duration-ms="26436" status="PASS">
          <reporter-output>
          </reporter-output>
        </test-method> <!-- tearUP -->
        <test-method signature="basePageNavigation(java.lang.String, java.lang.String)[pri:0, instance:Academy.E2EProject.HomePage@55322aab]" started-at="2020-10-13T10:46:52 IST" name="basePageNavigation" data-provider="getData" finished-at="2020-10-13T10:46:56 IST" duration-ms="4078" status="PASS">
          <params>
            <param index="0">
              <value>
                <![CDATA[Notrestricted@gmail.com]]>
              </value>
            </param>
            <param index="1">
              <value>
                <![CDATA[Coventry@2020]]>
              </value>
            </param>
          </params>
          <reporter-output>
          </reporter-output>
        </test-method> <!-- basePageNavigation -->
        <test-method is-config="true" signature="teardown()[pri:0, instance:Academy.E2EProject.HomePage@55322aab]" started-at="2020-10-13T10:46:56 IST" name="teardown" finished-at="2020-10-13T10:46:58 IST" duration-ms="2617" status="PASS">
          <reporter-output>
          </reporter-output>
        </test-method> <!-- teardown -->
      </class> <!-- Academy.E2EProject.HomePage -->
    </test> <!-- TestHomePage -->
    <test started-at="2020-10-13T10:46:59 IST" name="ValidateTitle" finished-at="2020-10-13T10:47:17 IST" duration-ms="17281">
      <class name="Academy.E2EProject.validateJV">
        <test-method is-config="true" signature="tearUP()[pri:0, instance:Academy.E2EProject.validateJV@7203c7ff]" started-at="2020-10-13T10:46:59 IST" name="tearUP" finished-at="2020-10-13T10:47:14 IST" duration-ms="14277" status="PASS">
          <reporter-output>
          </reporter-output>
        </test-method> <!-- tearUP -->
        <test-method signature="basePageNavigation()[pri:0, instance:Academy.E2EProject.validateJV@7203c7ff]" started-at="2020-10-13T10:47:14 IST" name="basePageNavigation" finished-at="2020-10-13T10:47:14 IST" duration-ms="125" status="FAIL">
          <exception class="java.lang.AssertionError">
            <message>
              <![CDATA[expected [FEATURE COURSES] but found [FEATURED COURSES]]]>
            </message>
            <full-stacktrace>
              <![CDATA[java.lang.AssertionError: expected [FEATURE COURSES] but found [FEATURED COURSES]
at org.testng.Assert.fail(Assert.java:99)
at org.testng.Assert.failNotEquals(Assert.java:1037)
at org.testng.Assert.assertEqualsImpl(Assert.java:140)
at org.testng.Assert.assertEquals(Assert.java:122)
at org.testng.Assert.assertEquals(Assert.java:629)
at org.testng.Assert.assertEquals(Assert.java:639)
at Academy.E2EProject.validateJV.basePageNavigation(validateJV.java:38)
at java.base/jdk.internal.reflect.NativeMethodAccessorImpl.invoke0(Native Method)
at java.base/jdk.internal.reflect.NativeMethodAccessorImpl.invoke(NativeMethodAccessorImpl.java:62)
at java.base/jdk.internal.reflect.DelegatingMethodAccessorImpl.invoke(DelegatingMethodAccessorImpl.java:43)
at java.base/java.lang.reflect.Method.invoke(Method.java:567)
at org.testng.internal.MethodInvocationHelper.invokeMethod(MethodInvocationHelper.java:132)
at org.testng.internal.TestInvoker.invokeMethod(TestInvoker.java:599)
at org.testng.internal.TestInvoker.invokeTestMethod(TestInvoker.java:174)
at org.testng.internal.MethodRunner.runInSequence(MethodRunner.java:46)
at org.testng.internal.TestInvoker$MethodInvocationAgent.invoke(TestInvoker.java:822)
at org.testng.internal.TestInvoker.invokeTestMethods(TestInvoker.java:147)
at org.testng.internal.TestMethodWorker.invokeTestMethods(TestMethodWorker.java:146)
at org.testng.internal.TestMethodWorker.run(TestMethodWorker.java:128)
at java.base/java.util.ArrayList.forEach(ArrayList.java:1507)
at org.testng.TestRunner.privateRun(TestRunner.java:764)
at org.testng.TestRunner.run(TestRunner.java:585)
at org.testng.SuiteRunner.runTest(SuiteRunner.java:384)
at org.testng.SuiteRunner.runSequentially(SuiteRunner.java:378)
at org.testng.SuiteRunner.privateRun(SuiteRunner.java:337)
at org.testng.SuiteRunner.run(SuiteRunner.java:286)
at org.testng.SuiteRunnerWorker.runSuite(SuiteRunnerWorker.java:53)
at org.testng.SuiteRunnerWorker.run(SuiteRunnerWorker.java:96)
at org.testng.TestNG.runSuitesSequentially(TestNG.java:1218)
at org.testng.TestNG.runSuitesLocally(TestNG.java:1140)
at org.testng.TestNG.runSuites(TestNG.java:1069)
at org.testng.TestNG.run(TestNG.java:1037)
at org.testng.remote.AbstractRemoteTestNG.run(AbstractRemoteTestNG.java:115)
at org.testng.remote.RemoteTestNG.initAndRun(RemoteTestNG.java:251)
at org.testng.remote.RemoteTestNG.main(RemoteTestNG.java:77)
]]>
            </full-stacktrace>
          </exception> <!-- java.lang.AssertionError -->
          <reporter-output>
          </reporter-output>
        </test-method> <!-- basePageNavigation -->
        <test-method is-config="true" signature="teardown()[pri:0, instance:Academy.E2EProject.validateJV@7203c7ff]" started-at="2020-10-13T10:47:14 IST" name="teardown" finished-at="2020-10-13T10:47:17 IST" duration-ms="2865" status="PASS">
          <reporter-output>
          </reporter-output>
        </test-method> <!-- teardown -->
      </class> <!-- Academy.E2EProject.validateJV -->
    </test> <!-- ValidateTitle -->
    <test started-at="2020-10-13T10:47:17 IST" name="ValidateNav" finished-at="2020-10-13T10:47:29 IST" duration-ms="11917">
      <class name="Academy.E2EProject.validateNav">
        <test-method is-config="true" signature="tearUP()[pri:0, instance:Academy.E2EProject.validateNav@623e088f]" started-at="2020-10-13T10:47:17 IST" name="tearUP" finished-at="2020-10-13T10:47:26 IST" duration-ms="9414" status="PASS">
          <reporter-output>
          </reporter-output>
        </test-method> <!-- tearUP -->
        <test-method signature="basePageNavigation()[pri:0, instance:Academy.E2EProject.validateNav@623e088f]" started-at="2020-10-13T10:47:26 IST" name="basePageNavigation" finished-at="2020-10-13T10:47:26 IST" duration-ms="162" status="PASS">
          <reporter-output>
          </reporter-output>
        </test-method> <!-- basePageNavigation -->
        <test-method is-config="true" signature="teardown()[pri:0, instance:Academy.E2EProject.validateNav@623e088f]" started-at="2020-10-13T10:47:26 IST" name="teardown" finished-at="2020-10-13T10:47:29 IST" duration-ms="2335" status="PASS">
          <reporter-output>
          </reporter-output>
        </test-method> <!-- teardown -->
      </class> <!-- Academy.E2EProject.validateNav -->
    </test> <!-- ValidateNav -->
  </suite> <!-- Suite -->
</testng-results>
